<?xml version="1.0" encoding="UTF-8"?>
<!-- Generated by org.testng.reporters.JUnitReportReporter -->
<testsuite hostname="DESKTOP-J6JTO39" failures="0" tests="2" name="Runner.TestRunner" time="17.369" errors="0" timestamp="2025-01-12T01:03:05 IST" skipped="0">
  <testcase classname="Runner.TestRunner" name="runScenario" time="0.463"/>
  <system-out/>
  <testcase classname="Runner.TestRunner" name="runScenario" time="16.906"/>
  <system-out/>
</testsuite> <!-- Runner.TestRunner -->
